<?xml version="1.0" encoding="UTF-8"?>
<testng-results skipped="0" failed="0" total="3" passed="3">
  <reporter-output>
  </reporter-output>
  <suite name="Default suite" duration-ms="31" started-at="2015-04-26T15:49:07Z" finished-at="2015-04-26T15:49:07Z">
    <groups>
    </groups>
    <test name="Default test" duration-ms="31" started-at="2015-04-26T15:49:07Z" finished-at="2015-04-26T15:49:07Z">
      <class name="test.FirstTest">
        <test-method status="PASS" signature="LoginTest()[pri:0, instance:test.FirstTest@2eee9593]" name="LoginTest" duration-ms="0" started-at="2015-04-26T11:49:07Z" finished-at="2015-04-26T11:49:07Z">
          <reporter-output>
          </reporter-output>
        </test-method> <!-- LoginTest -->
        <test-method status="PASS" signature="TestApp()[pri:0, instance:test.FirstTest@2eee9593]" name="TestApp" duration-ms="0" started-at="2015-04-26T11:49:07Z" finished-at="2015-04-26T11:49:07Z">
          <reporter-output>
          </reporter-output>
        </test-method> <!-- TestApp -->
        <test-method status="PASS" signature="LogoutTest()[pri:0, instance:test.FirstTest@2eee9593]" name="LogoutTest" duration-ms="16" started-at="2015-04-26T11:49:07Z" finished-at="2015-04-26T11:49:07Z">
          <reporter-output>
          </reporter-output>
        </test-method> <!-- LogoutTest -->
      </class> <!-- test.FirstTest -->
    </test> <!-- Default test -->
  </suite> <!-- Default suite -->
</testng-results>
